c:\users\jajan\desktop\timber\x64\debug\vc142.pdb
c:\users\jajan\desktop\timber\x64\debug\vc142.idb
c:\users\jajan\desktop\timber\x64\debug\timber.obj
c:\users\jajan\desktop\timber\x64\debug\utils.obj
c:\users\jajan\desktop\timber\x64\debug\loadedassets.obj
c:\users\jajan\desktop\timber\x64\debug\constants.obj
c:\users\jajan\desktop\timber\x64\debug\word.obj
c:\users\jajan\desktop\timber\x64\debug\tree.obj
c:\users\jajan\desktop\timber\x64\debug\branch.obj
c:\users\jajan\desktop\timber\x64\debug\spritegameobject.obj
c:\users\jajan\desktop\timber\x64\debug\cloud.obj
c:\users\jajan\desktop\timber\x64\debug\bee.obj
c:\users\jajan\desktop\timber\x64\debug\animatedspriteobject.obj
c:\users\jajan\desktop\timber\x64\debug\vec2d.obj
c:\users\jajan\desktop\timber\x64\debug\screen.obj
c:\users\jajan\desktop\timber\x64\debug\pivot.obj
c:\users\jajan\desktop\timber\x64\debug\timber.exe
c:\users\jajan\desktop\timber\x64\debug\timber.ilk
c:\users\jajan\desktop\timber\x64\debug\timber.pdb
c:\users\jajan\desktop\timber\x64\debug\timber.new.obj.enc
c:\users\jajan\desktop\timber\x64\debug\timber.tlog\cl.command.1.tlog
c:\users\jajan\desktop\timber\x64\debug\timber.tlog\cl.read.1.tlog
c:\users\jajan\desktop\timber\x64\debug\timber.tlog\cl.write.1.tlog
c:\users\jajan\desktop\timber\x64\debug\timber.tlog\link.command.1.tlog
c:\users\jajan\desktop\timber\x64\debug\timber.tlog\link.read.1.tlog
c:\users\jajan\desktop\timber\x64\debug\timber.tlog\link.write.1.tlog
